TN:
SF:src/use-cases/UseCaseSubmitFeedback.ts
FN:21,execute
FN:12,UseCaseSubmitFeedback
FNF:2
FNH:2
FNDA:4,execute
FNDA:1,UseCaseSubmitFeedback
DA:1,1
DA:2,1
DA:3,1
DA:4,1
DA:5,1
DA:6,1
DA:7,1
DA:8,1
DA:9,1
DA:10,1
DA:11,1
DA:12,1
DA:13,1
DA:14,1
DA:15,1
DA:16,1
DA:17,1
DA:18,1
DA:19,1
DA:20,1
DA:21,1
DA:22,4
DA:23,4
DA:24,4
DA:25,2
DA:26,2
DA:27,2
DA:28,4
DA:29,1
DA:30,1
DA:31,1
DA:32,4
DA:33,1
DA:34,1
DA:35,0
DA:36,0
DA:37,0
DA:38,0
DA:39,0
DA:40,0
DA:41,0
DA:42,0
DA:43,0
DA:44,0
DA:45,0
DA:46,0
DA:47,0
DA:48,0
DA:49,0
DA:50,0
DA:51,0
DA:52,1
LF:52
LH:35
BRDA:21,0,0,4
BRDA:24,1,0,2
BRDA:28,2,0,1
BRDA:32,3,0,1
BRDA:35,4,0,0
BRDA:12,5,0,1
BRF:6
BRH:5
end_of_record
